This file contains any messages produced by compilers while
running configure, to aid debugging if configure makes a mistake.

It was created by extundelete configure 0.2.4, which was
generated by GNU Autoconf 2.68.  Invocation command line was

  $ ./configure 

## --------- ##
## Platform. ##
## --------- ##

hostname = linux-backup
uname -m = x86_64
uname -r = 2.6.32-431.3.1.el6.x86_64
uname -s = Linux
uname -v = #1 SMP Fri Jan 3 21:39:27 UTC 2014

/usr/bin/uname -p = unknown
/bin/uname -X     = unknown

/bin/arch              = x86_64
/usr/bin/arch -k       = unknown
/usr/convex/getsysinfo = unknown
/usr/bin/hostinfo      = unknown
/bin/machine           = unknown
/usr/bin/oslevel       = unknown
/bin/universe          = unknown

PATH: /usr/lib64/qt-3.3/bin
PATH: /usr/local/bin
PATH: /bin
PATH: /usr/bin
PATH: /usr/local/sbin
PATH: /usr/sbin
PATH: /sbin
PATH: /home/msolari/bin


## ----------- ##
## Core tests. ##
## ----------- ##

configure:2275: checking for a BSD-compatible install
configure:2343: result: /usr/bin/install -c
configure:2354: checking whether build environment is sane
configure:2404: result: yes
configure:2545: checking for a thread-safe mkdir -p
configure:2584: result: /bin/mkdir -p
configure:2597: checking for gawk
configure:2613: found /bin/gawk
configure:2624: result: gawk
configure:2635: checking whether make sets $(MAKE)
configure:2657: result: yes
configure:2802: checking for g++
configure:2818: found /usr/bin/g++
configure:2829: result: g++
configure:2856: checking for C++ compiler version
configure:2865: g++ --version >&5
g++ (GCC) 4.4.7 20120313 (Red Hat 4.4.7-4)
Copyright (C) 2010 Free Software Foundation, Inc.
This is free software; see the source for copying conditions.  There is NO
warranty; not even for MERCHANTABILITY or FITNESS FOR A PARTICULAR PURPOSE.

configure:2876: $? = 0
configure:2865: g++ -v >&5
Using built-in specs.
Target: x86_64-redhat-linux
Configured with: ../configure --prefix=/usr --mandir=/usr/share/man --infodir=/usr/share/info --with-bugurl=http://bugzilla.redhat.com/bugzilla --enable-bootstrap --enable-shared --enable-threads=posix --enable-checking=release --with-system-zlib --enable-__cxa_atexit --disable-libunwind-exceptions --enable-gnu-unique-object --enable-languages=c,c++,objc,obj-c++,java,fortran,ada --enable-java-awt=gtk --disable-dssi --with-java-home=/usr/lib/jvm/java-1.5.0-gcj-1.5.0.0/jre --enable-libgcj-multifile --enable-java-maintainer-mode --with-ecj-jar=/usr/share/java/eclipse-ecj.jar --disable-libjava-multilib --with-ppl --with-cloog --with-tune=generic --with-arch_32=i686 --build=x86_64-redhat-linux
Thread model: posix
gcc version 4.4.7 20120313 (Red Hat 4.4.7-4) (GCC) 
configure:2876: $? = 0
configure:2865: g++ -V >&5
g++: '-V' option must have argument
configure:2876: $? = 1
configure:2865: g++ -qversion >&5
g++: unrecognized option '-qversion'
g++: no input files
configure:2876: $? = 1
configure:2896: checking whether the C++ compiler works
configure:2918: g++    conftest.cpp  >&5
configure:2922: $? = 0
configure:2970: result: yes
configure:2973: checking for C++ compiler default output file name
configure:2975: result: a.out
configure:2981: checking for suffix of executables
configure:2988: g++ -o conftest    conftest.cpp  >&5
configure:2992: $? = 0
configure:3014: result: 
configure:3036: checking whether we are cross compiling
configure:3044: g++ -o conftest    conftest.cpp  >&5
configure:3048: $? = 0
configure:3055: ./conftest
configure:3059: $? = 0
configure:3074: result: no
configure:3079: checking for suffix of object files
configure:3101: g++ -c   conftest.cpp >&5
configure:3105: $? = 0
configure:3126: result: o
configure:3130: checking whether we are using the GNU C++ compiler
configure:3149: g++ -c   conftest.cpp >&5
configure:3149: $? = 0
configure:3158: result: yes
configure:3167: checking whether g++ accepts -g
configure:3187: g++ -c -g  conftest.cpp >&5
configure:3187: $? = 0
configure:3228: result: yes
configure:3262: checking for style of include used by make
configure:3290: result: GNU
configure:3316: checking dependency style of g++
configure:3427: result: gcc3
configure:3490: checking for gcc
configure:3506: found /usr/bin/gcc
configure:3517: result: gcc
configure:3746: checking for C compiler version
configure:3755: gcc --version >&5
gcc (GCC) 4.4.7 20120313 (Red Hat 4.4.7-4)
Copyright (C) 2010 Free Software Foundation, Inc.
This is free software; see the source for copying conditions.  There is NO
warranty; not even for MERCHANTABILITY or FITNESS FOR A PARTICULAR PURPOSE.

configure:3766: $? = 0
configure:3755: gcc -v >&5
Using built-in specs.
Target: x86_64-redhat-linux
Configured with: ../configure --prefix=/usr --mandir=/usr/share/man --infodir=/usr/share/info --with-bugurl=http://bugzilla.redhat.com/bugzilla --enable-bootstrap --enable-shared --enable-threads=posix --enable-checking=release --with-system-zlib --enable-__cxa_atexit --disable-libunwind-exceptions --enable-gnu-unique-object --enable-languages=c,c++,objc,obj-c++,java,fortran,ada --enable-java-awt=gtk --disable-dssi --with-java-home=/usr/lib/jvm/java-1.5.0-gcj-1.5.0.0/jre --enable-libgcj-multifile --enable-java-maintainer-mode --with-ecj-jar=/usr/share/java/eclipse-ecj.jar --disable-libjava-multilib --with-ppl --with-cloog --with-tune=generic --with-arch_32=i686 --build=x86_64-redhat-linux
Thread model: posix
gcc version 4.4.7 20120313 (Red Hat 4.4.7-4) (GCC) 
configure:3766: $? = 0
configure:3755: gcc -V >&5
gcc: '-V' option must have argument
configure:3766: $? = 1
configure:3755: gcc -qversion >&5
gcc: unrecognized option '-qversion'
gcc: no input files
configure:3766: $? = 1
configure:3770: checking whether we are using the GNU C compiler
configure:3789: gcc -c   conftest.c >&5
configure:3789: $? = 0
configure:3798: result: yes
configure:3807: checking whether gcc accepts -g
configure:3827: gcc -c -g  conftest.c >&5
configure:3827: $? = 0
configure:3868: result: yes
configure:3885: checking for gcc option to accept ISO C89
configure:3949: gcc  -c   conftest.c >&5
configure:3949: $? = 0
configure:3962: result: none needed
configure:3984: checking dependency style of gcc
configure:4095: result: gcc3
configure:4118: checking whether C compiler accepts -g
configure:4137: gcc -c -g  conftest.c >&5
configure:4137: $? = 0
configure:4147: result: yes
configure:4155: checking whether C compiler accepts -O2
configure:4174: gcc -c -O2  conftest.c >&5
configure:4174: $? = 0
configure:4184: result: yes
configure:4192: checking whether C compiler accepts -std=c99
configure:4207: gcc -c -std=c99  conftest.c >&5
configure:4207: $? = 0
configure:4215: result: yes
configure:4223: checking whether C compiler accepts -Wall
configure:4242: gcc -c -Wall  conftest.c >&5
configure:4242: $? = 0
configure:4252: result: yes
configure:4260: checking whether C compiler accepts -W
configure:4279: gcc -c -W  conftest.c >&5
configure:4279: $? = 0
configure:4289: result: yes
configure:4297: checking whether C compiler accepts -pedantic
configure:4316: gcc -c -pedantic  conftest.c >&5
configure:4316: $? = 0
configure:4326: result: yes
configure:4334: checking whether C compiler accepts -Wredundant-decls
configure:4353: gcc -c -Wredundant-decls  conftest.c >&5
configure:4353: $? = 0
configure:4363: result: yes
configure:4371: checking whether C compiler accepts -Wshadow
configure:4390: gcc -c -Wshadow  conftest.c >&5
configure:4390: $? = 0
configure:4400: result: yes
configure:4408: checking whether C compiler accepts -Wpointer-arith
configure:4427: gcc -c -Wpointer-arith  conftest.c >&5
configure:4427: $? = 0
configure:4437: result: yes
configure:4445: checking whether C compiler accepts -Wwrite-strings
configure:4464: gcc -c -Wwrite-strings  conftest.c >&5
configure:4464: $? = 0
configure:4474: result: yes
configure:4482: checking whether C compiler accepts -Winit-self
configure:4501: gcc -c -Winit-self  conftest.c >&5
configure:4501: $? = 0
configure:4511: result: yes
configure:4519: checking whether C compiler accepts -Wconversion
configure:4538: gcc -c -Wconversion  conftest.c >&5
configure:4538: $? = 0
configure:4548: result: yes
configure:4556: checking whether C compiler accepts -pg
configure:4575: gcc -c -pg  conftest.c >&5
configure:4575: $? = 0
configure:4585: result: yes
configure:4593: checking whether C compiler accepts -O3
configure:4612: gcc -c -O3  conftest.c >&5
configure:4612: $? = 0
configure:4622: result: yes
configure:4638: checking whether C++ compiler accepts -g
configure:4657: g++ -c -g  conftest.cpp >&5
configure:4657: $? = 0
configure:4667: result: yes
configure:4675: checking whether C++ compiler accepts -O2
configure:4694: g++ -c -O2  conftest.cpp >&5
configure:4694: $? = 0
configure:4704: result: yes
configure:4712: checking whether C++ compiler accepts -std=c++0x
configure:4727: g++ -c -std=c++0x  conftest.cpp >&5
configure:4727: $? = 0
configure:4735: result: yes
configure:4743: checking whether C++ compiler accepts -std=c++11
configure:4758: g++ -c -std=c++11  conftest.cpp >&5
cc1plus: error: unrecognized command line option "-std=c++11"
configure:4758: $? = 1
configure: failed program was:
| /* confdefs.h */
| #define PACKAGE_NAME "extundelete"
| #define PACKAGE_TARNAME "extundelete"
| #define PACKAGE_VERSION "0.2.4"
| #define PACKAGE_STRING "extundelete 0.2.4"
| #define PACKAGE_BUGREPORT "extundelete.sourceforge.net"
| #define PACKAGE_URL ""
| #define PACKAGE "extundelete"
| #define VERSION "0.2.4"
| /* end confdefs.h.  */
| 
| int
| main ()
| {
| 
|   ;
|   return 0;
| }
configure:4766: result: no
configure:4774: checking whether C++ compiler accepts -W
configure:4793: g++ -c -W  conftest.cpp >&5
configure:4793: $? = 0
configure:4803: result: yes
configure:4811: checking whether C++ compiler accepts -Wall
configure:4830: g++ -c -Wall  conftest.cpp >&5
configure:4830: $? = 0
configure:4840: result: yes
configure:4848: checking whether C++ compiler accepts -std=c++0x -pedantic
configure:4863: g++ -c -std=c++0x -pedantic  conftest.cpp >&5
configure:4863: $? = 0
configure:4871: result: yes
configure:4879: checking whether C++ compiler accepts -std=c++11 -pedantic
configure:4894: g++ -c -std=c++11 -pedantic  conftest.cpp >&5
cc1plus: error: unrecognized command line option "-std=c++11"
configure:4894: $? = 1
configure: failed program was:
| /* confdefs.h */
| #define PACKAGE_NAME "extundelete"
| #define PACKAGE_TARNAME "extundelete"
| #define PACKAGE_VERSION "0.2.4"
| #define PACKAGE_STRING "extundelete 0.2.4"
| #define PACKAGE_BUGREPORT "extundelete.sourceforge.net"
| #define PACKAGE_URL ""
| #define PACKAGE "extundelete"
| #define VERSION "0.2.4"
| /* end confdefs.h.  */
| 
| int
| main ()
| {
| 
|   ;
|   return 0;
| }
configure:4902: result: no
configure:4910: checking whether C++ compiler accepts -Wredundant-decls
configure:4929: g++ -c -Wredundant-decls  conftest.cpp >&5
configure:4929: $? = 0
configure:4939: result: yes
configure:4947: checking whether C++ compiler accepts -Wshadow
configure:4966: g++ -c -Wshadow  conftest.cpp >&5
configure:4966: $? = 0
configure:4976: result: yes
configure:4984: checking whether C++ compiler accepts -Wpointer-arith
configure:5003: g++ -c -Wpointer-arith  conftest.cpp >&5
configure:5003: $? = 0
configure:5013: result: yes
configure:5021: checking whether C++ compiler accepts -Wwrite-strings
configure:5040: g++ -c -Wwrite-strings  conftest.cpp >&5
configure:5040: $? = 0
configure:5050: result: yes
configure:5058: checking whether C++ compiler accepts -Woverloaded-virtual
configure:5077: g++ -c -Woverloaded-virtual  conftest.cpp >&5
configure:5077: $? = 0
configure:5087: result: yes
configure:5095: checking whether C++ compiler accepts -Weffc++
configure:5114: g++ -c -Weffc++  conftest.cpp >&5
configure:5114: $? = 0
configure:5124: result: yes
configure:5132: checking whether C++ compiler accepts -Winit-self
configure:5151: g++ -c -Winit-self  conftest.cpp >&5
configure:5151: $? = 0
configure:5161: result: yes
configure:5169: checking whether C++ compiler accepts -Wconversion
configure:5188: g++ -c -Wconversion  conftest.cpp >&5
configure:5188: $? = 0
configure:5198: result: yes
configure:5206: checking whether C++ compiler accepts -pg
configure:5225: g++ -c -pg  conftest.cpp >&5
configure:5225: $? = 0
configure:5235: result: yes
configure:5243: checking whether C++ compiler accepts -O3
configure:5262: g++ -c -O3  conftest.cpp >&5
configure:5262: $? = 0
configure:5272: result: yes
configure:5298: checking for ext2fs_bmap in -lext2fs
configure:5323: gcc -o conftest    conftest.c -lext2fs   >&5
/usr/bin/ld: cannot find -lext2fs
collect2: ld returned 1 exit status
configure:5323: $? = 1
configure: failed program was:
| /* confdefs.h */
| #define PACKAGE_NAME "extundelete"
| #define PACKAGE_TARNAME "extundelete"
| #define PACKAGE_VERSION "0.2.4"
| #define PACKAGE_STRING "extundelete 0.2.4"
| #define PACKAGE_BUGREPORT "extundelete.sourceforge.net"
| #define PACKAGE_URL ""
| #define PACKAGE "extundelete"
| #define VERSION "0.2.4"
| /* end confdefs.h.  */
| 
| /* Override any GCC internal prototype to avoid an error.
|    Use char because int might match the return type of a GCC
|    builtin and then its argument prototype would still apply.  */
| #ifdef __cplusplus
| extern "C"
| #endif
| char ext2fs_bmap ();
| int
| main ()
| {
| return ext2fs_bmap ();
|   ;
|   return 0;
| }
configure:5332: result: no
configure:5343: error: Can't find ext2fs library

## ---------------- ##
## Cache variables. ##
## ---------------- ##

ac_cv_c_compiler_gnu=yes
ac_cv_cxx_compiler_gnu=yes
ac_cv_env_CCC_set=
ac_cv_env_CCC_value=
ac_cv_env_CC_set=
ac_cv_env_CC_value=
ac_cv_env_CFLAGS_set=
ac_cv_env_CFLAGS_value=
ac_cv_env_CPPFLAGS_set=
ac_cv_env_CPPFLAGS_value=
ac_cv_env_CPP_set=
ac_cv_env_CPP_value=
ac_cv_env_CXXFLAGS_set=
ac_cv_env_CXXFLAGS_value=
ac_cv_env_CXX_set=
ac_cv_env_CXX_value=
ac_cv_env_LDFLAGS_set=
ac_cv_env_LDFLAGS_value=
ac_cv_env_LIBS_set=
ac_cv_env_LIBS_value=
ac_cv_env_build_alias_set=
ac_cv_env_build_alias_value=
ac_cv_env_host_alias_set=
ac_cv_env_host_alias_value=
ac_cv_env_target_alias_set=
ac_cv_env_target_alias_value=
ac_cv_lib_ext2fs_ext2fs_bmap=no
ac_cv_objext=o
ac_cv_path_install='/usr/bin/install -c'
ac_cv_path_mkdir=/bin/mkdir
ac_cv_prog_AWK=gawk
ac_cv_prog_ac_ct_CC=gcc
ac_cv_prog_ac_ct_CXX=g++
ac_cv_prog_cc_c89=
ac_cv_prog_cc_g=yes
ac_cv_prog_cxx_g=yes
ac_cv_prog_make_make_set=yes
am_cv_CC_dependencies_compiler_type=gcc3
am_cv_CXX_dependencies_compiler_type=gcc3
ax_cv_c_flags__O2=yes
ax_cv_c_flags__O3=yes
ax_cv_c_flags__W=yes
ax_cv_c_flags__Wall=yes
ax_cv_c_flags__Wconversion=yes
ax_cv_c_flags__Winit_self=yes
ax_cv_c_flags__Wpointer_arith=yes
ax_cv_c_flags__Wredundant_decls=yes
ax_cv_c_flags__Wshadow=yes
ax_cv_c_flags__Wwrite_strings=yes
ax_cv_c_flags__g=yes
ax_cv_c_flags__pedantic=yes
ax_cv_c_flags__pg=yes
ax_cv_c_flags__std_c99=yes
ax_cv_cxx_flags__O2=yes
ax_cv_cxx_flags__O3=yes
ax_cv_cxx_flags__W=yes
ax_cv_cxx_flags__Wall=yes
ax_cv_cxx_flags__Wconversion=yes
ax_cv_cxx_flags__Weffcpp=yes
ax_cv_cxx_flags__Winit_self=yes
ax_cv_cxx_flags__Woverloaded_virtual=yes
ax_cv_cxx_flags__Wpointer_arith=yes
ax_cv_cxx_flags__Wredundant_decls=yes
ax_cv_cxx_flags__Wshadow=yes
ax_cv_cxx_flags__Wwrite_strings=yes
ax_cv_cxx_flags__g=yes
ax_cv_cxx_flags__pg=yes
ax_cv_cxx_flags__std_cpp0x=yes
ax_cv_cxx_flags__std_cpp0x__pedantic=yes
ax_cv_cxx_flags__std_cpp11=no
ax_cv_cxx_flags__std_cpp11__pedantic=no

## ----------------- ##
## Output variables. ##
## ----------------- ##

ACLOCAL='${SHELL} /var/www/html/ang-news/extundelete-0.2.4/missing --run aclocal-1.11'
AMDEPBACKSLASH='\'
AMDEP_FALSE='#'
AMDEP_TRUE=''
AMTAR='$${TAR-tar}'
AUTOCONF='${SHELL} /var/www/html/ang-news/extundelete-0.2.4/missing --run autoconf'
AUTOHEADER='${SHELL} /var/www/html/ang-news/extundelete-0.2.4/missing --run autoheader'
AUTOMAKE='${SHELL} /var/www/html/ang-news/extundelete-0.2.4/missing --run automake-1.11'
AWK='gawk'
CC='gcc'
CCDEPMODE='depmode=gcc3'
CFLAGS=''
CPP=''
CPPFLAGS=''
CXX='g++'
CXXDEPMODE='depmode=gcc3'
CXXFLAGS=''
CYGPATH_W='echo'
DEFS=''
DEPDIR='.deps'
ECHO_C=''
ECHO_N='-n'
ECHO_T=''
EGREP=''
EU_CFLAGS=' -g -O2'
EU_CXXFLAGS=' -g -O2'
EU_OPTFLAGS=' -O3'
EU_OPTXXFLAGS=' -O3'
EU_SCFLAGS=' -pedantic -Wredundant-decls -Wshadow -Wpointer-arith -Wwrite-strings -Winit-self -Wconversion'
EU_SCXXFLAGS=' -pedantic -Wredundant-decls -Wshadow -Wpointer-arith -Wwrite-strings -Woverloaded-virtual -Weffc++ -Winit-self -Wconversion'
EU_WCFLAGS=' -std=c99 -Wall -W'
EU_WCXXFLAGS=' -std=c++0x -W -Wall'
EXEEXT=''
GREP=''
INSTALL_DATA='${INSTALL} -m 644'
INSTALL_PROGRAM='${INSTALL}'
INSTALL_SCRIPT='${INSTALL}'
INSTALL_STRIP_PROGRAM='$(install_sh) -c -s'
LDFLAGS=''
LIBOBJS=''
LIBS=''
LTLIBOBJS=''
MAKEINFO='${SHELL} /var/www/html/ang-news/extundelete-0.2.4/missing --run makeinfo'
MKDIR_P='/bin/mkdir -p'
OBJEXT='o'
PACKAGE='extundelete'
PACKAGE_BUGREPORT='extundelete.sourceforge.net'
PACKAGE_NAME='extundelete'
PACKAGE_STRING='extundelete 0.2.4'
PACKAGE_TARNAME='extundelete'
PACKAGE_URL=''
PACKAGE_VERSION='0.2.4'
PATH_SEPARATOR=':'
SET_MAKE=''
SHELL='/bin/sh'
STRIP=''
VERSION='0.2.4'
ac_ct_CC='gcc'
ac_ct_CXX='g++'
am__EXEEXT_FALSE=''
am__EXEEXT_TRUE=''
am__fastdepCC_FALSE='#'
am__fastdepCC_TRUE=''
am__fastdepCXX_FALSE='#'
am__fastdepCXX_TRUE=''
am__include='include'
am__isrc=''
am__leading_dot='.'
am__nodep='_no'
am__quote=''
am__tar='$${TAR-tar} chof - "$$tardir"'
am__untar='$${TAR-tar} xf -'
bindir='${exec_prefix}/bin'
build_alias=''
datadir='${datarootdir}'
datarootdir='${prefix}/share'
docdir='${datarootdir}/doc/${PACKAGE_TARNAME}'
dvidir='${docdir}'
exec_prefix='NONE'
host_alias=''
htmldir='${docdir}'
includedir='${prefix}/include'
infodir='${datarootdir}/info'
install_sh='${SHELL} /var/www/html/ang-news/extundelete-0.2.4/install-sh'
libdir='${exec_prefix}/lib'
libexecdir='${exec_prefix}/libexec'
localedir='${datarootdir}/locale'
localstatedir='${prefix}/var'
mandir='${datarootdir}/man'
mkdir_p='/bin/mkdir -p'
oldincludedir='/usr/include'
pdfdir='${docdir}'
prefix='NONE'
program_transform_name='s,x,x,'
psdir='${docdir}'
sbindir='${exec_prefix}/sbin'
sharedstatedir='${prefix}/com'
sysconfdir='${prefix}/etc'
target_alias=''

## ----------- ##
## confdefs.h. ##
## ----------- ##

/* confdefs.h */
#define PACKAGE_NAME "extundelete"
#define PACKAGE_TARNAME "extundelete"
#define PACKAGE_VERSION "0.2.4"
#define PACKAGE_STRING "extundelete 0.2.4"
#define PACKAGE_BUGREPORT "extundelete.sourceforge.net"
#define PACKAGE_URL ""
#define PACKAGE "extundelete"
#define VERSION "0.2.4"

configure: exit 1
